c:\users\jamie\documents\visual studio 2015\projects\seniorsem\seniorsem\debug\vc140.pdb
c:\users\jamie\documents\visual studio 2015\projects\seniorsem\seniorsem\debug\vc140.idb
c:\users\jamie\documents\visual studio 2015\projects\seniorsem\seniorsem\debug\mainprogram.nativecodeanalysis.xml
c:\users\jamie\documents\visual studio 2015\projects\seniorsem\seniorsem\debug\mainprogram.obj
c:\users\jamie\documents\visual studio 2015\projects\seniorsem\seniorsem\debug\nativecodeanalysis.read.1.tlog
c:\users\jamie\documents\visual studio 2015\projects\seniorsem\seniorsem\debug\vc.nativecodeanalysis.all.xml
c:\users\jamie\documents\visual studio 2015\projects\seniorsem\debug\seniorsem.pdb
c:\users\jamie\documents\visual studio 2015\projects\seniorsem\debug\seniorsem.exe.lastcodeanalysissucceeded
c:\users\jamie\documents\visual studio 2015\projects\seniorsem\seniorsem\debug\seniorsem.tlog\cl.command.1.tlog
c:\users\jamie\documents\visual studio 2015\projects\seniorsem\seniorsem\debug\seniorsem.tlog\cl.read.1.tlog
c:\users\jamie\documents\visual studio 2015\projects\seniorsem\seniorsem\debug\seniorsem.tlog\cl.write.1.tlog
c:\users\jamie\documents\visual studio 2015\projects\seniorsem\seniorsem\debug\seniorsem.tlog\link.5704-cvtres.read.1.tlog
c:\users\jamie\documents\visual studio 2015\projects\seniorsem\seniorsem\debug\seniorsem.tlog\link.5704-cvtres.write.1.tlog
c:\users\jamie\documents\visual studio 2015\projects\seniorsem\seniorsem\debug\seniorsem.tlog\link.5704-rc.read.1.tlog
c:\users\jamie\documents\visual studio 2015\projects\seniorsem\seniorsem\debug\seniorsem.tlog\link.5704-rc.write.1.tlog
c:\users\jamie\documents\visual studio 2015\projects\seniorsem\seniorsem\debug\seniorsem.tlog\link.5704.read.1.tlog
c:\users\jamie\documents\visual studio 2015\projects\seniorsem\seniorsem\debug\seniorsem.tlog\link.5704.write.1.tlog
c:\users\jamie\documents\visual studio 2015\projects\seniorsem\seniorsem\debug\seniorsem.tlog\link.command.1.tlog
c:\users\jamie\documents\visual studio 2015\projects\seniorsem\seniorsem\debug\seniorsem.tlog\link.read.1.tlog
c:\users\jamie\documents\visual studio 2015\projects\seniorsem\seniorsem\debug\seniorsem.tlog\link.write.1.tlog
